<?xml version="1.0" encoding="UTF-8"?>
<testsuite name="com.snozza.connect4.Connect4Spec" tests="10" skipped="0" failures="0" errors="0" timestamp="2018-01-02T12:44:28" hostname="FT-MW4576" time="0.018">
  <properties/>
  <testcase name="whenSecondPlayerPlaysThenDiscColorIsGreen" classname="com.snozza.connect4.Connect4Spec" time="0.006"/>
  <testcase name="whenFirstDiscInsertedInColumnThenPositionIsZero" classname="com.snozza.connect4.Connect4Spec" time="0.001"/>
  <testcase name="whenDiscOutsideBoardThenRuntimeException" classname="com.snozza.connect4.Connect4Spec" time="0.004"/>
  <testcase name="whenDiscInsertedThenNumberOfDiscsIncreases" classname="com.snozza.connect4.Connect4Spec" time="0.001"/>
  <testcase name="whenADiscIsIntroducedTheBoardIsPrinted" classname="com.snozza.connect4.Connect4Spec" time="0.0"/>
  <testcase name="whenSecondDiscInsertedInColumnThenPositionIsOne" classname="com.snozza.connect4.Connect4Spec" time="0.0"/>
  <testcase name="whenNoMoreRoomInColumnThenRuntimeException" classname="com.snozza.connect4.Connect4Spec" time="0.002"/>
  <testcase name="whenAskedForCurrentPlayerThePlayerIsOutput" classname="com.snozza.connect4.Connect4Spec" time="0.0"/>
  <testcase name="whenTheGameIsStartedTheBoardIsEmpty" classname="com.snozza.connect4.Connect4Spec" time="0.0"/>
  <testcase name="whenFirstPlayerPlaysThenDiscColorIsRed" classname="com.snozza.connect4.Connect4Spec" time="0.0"/>
  <system-out><![CDATA[]]></system-out>
  <system-err><![CDATA[]]></system-err>
</testsuite>
